[hh4b-01-02-00-94-g19fd972] xAH_run.py -vv --files /home/fscutti/Analysis/SSDiLepAnalysis/doc/all_HIGG3D3.txt --config /imports/home/fscutti/Analysis/RootCoreBin/user_scripts/SSDiLepAnalysis/jobOptions_FF.py --inputList --inputDQ2 --submitDir output_grid_DxAOD-2016-13TeV_26-08-2016-12:17:07 prun --optGridMergeOutput=1 --optGridNFilesPerJob=1.0 --optGridOutputSampleName=user.fscutti.SSDiLep.HIGG3D3_p2666_p2667_v1.%in:name[2]%.%in:name[3]%
Code:  https://github.com/UCATLAS/xAODAnaHelpers/tree/19fd972
Start: Aug 26 2016 12:17:09
Stop:  Aug 26 2016 16:07:36
Delta: 3:50:27.481607

job runner options
	input_filename                                      = ['/home/fscutti/Analysis/SSDiLepAnalysis/doc/all_HIGG3D3.txt']
	submit_dir                                          = output_grid_DxAOD-2016-13TeV_26-08-2016-12:17:07
	num_events                                          = 0
	skip_events                                         = 0
	force_overwrite                                     = False
	use_inputFileList                                   = True
	use_scanDQ2                                         = True
	verbose                                             = 2
	driver                                              = prun
<class 'ROOT.BasicEventSelection'> algorithm options
	setting <class 'ROOT.BasicEventSelection'>.m_applyTriggerCut              = False
	setting <class 'ROOT.BasicEventSelection'>.m_debug                        = False
	setting <class 'ROOT.BasicEventSelection'>.m_lumiCalcFileNames            = $ROOTCOREBIN/data/SSDiLepAnalysis/External/ilumicalc_histograms_None_276262-304494_OflLumi-13TeV-005.root,$ROOTCOREBIN/data/SSDiLepAnalysis/External/ilumicalc_histograms_HLT_mu20_L1MU15_276262-304494_OflLumi-13TeV-005.root:HLT_mu20_L1MU15,$ROOTCOREBIN/data/SSDiLepAnalysis/External/ilumicalc_histograms_HLT_mu24_276262-304494_OflLumi-13TeV-005.root:HLT_mu24,$ROOTCOREBIN/data/SSDiLepAnalysis/External/ilumicalc_histograms_HLT_mu20_iloose_L1MU15_276262-304494_OflLumi-13TeV-005.root,$ROOTCOREBIN/data/SSDiLepAnalysis/External/ilumicalc_histograms_HLT_mu50_276262-304494_OflLumi-13TeV-005.root
	setting <class 'ROOT.BasicEventSelection'>.m_truthLevelOnly               = False
	setting <class 'ROOT.BasicEventSelection'>.m_PU_default_channel           = 410000
	setting <class 'ROOT.BasicEventSelection'>.m_triggerSelection             = HLT_mu20_L1MU15,HLT_mu24,HLT_mu20_iloose_L1MU15,HLT_mu50
	setting <class 'ROOT.BasicEventSelection'>.m_storeTrigDecisions           = True
	setting <class 'ROOT.BasicEventSelection'>.m_doPUreweighting              = True
	setting <class 'ROOT.BasicEventSelection'>.m_checkDuplicatesData          = True
	setting <class 'ROOT.BasicEventSelection'>.m_storePassHLT                 = True
	setting <class 'ROOT.BasicEventSelection'>.m_applyPrimaryVertexCut        = False
	setting <class 'ROOT.BasicEventSelection'>.m_applyGRLCut                  = True
	setting <class 'ROOT.BasicEventSelection'>.m_name                         = SSDiLep
	setting <class 'ROOT.BasicEventSelection'>.m_GRLxml                       = $ROOTCOREBIN/data/SSDiLepAnalysis/External/merged_GRL_2015_2016.xml
	setting <class 'ROOT.BasicEventSelection'>.m_useMetaData                  = True
	setting <class 'ROOT.BasicEventSelection'>.m_checkDuplicatesMC            = True
	setting <class 'ROOT.BasicEventSelection'>.m_applyEventCleaningCut        = True
	setting <class 'ROOT.BasicEventSelection'>.m_derivationName               = HIGG3D3Kernel
	setting <class 'ROOT.BasicEventSelection'>.m_PRWFileNames                 = $ROOTCOREBIN/data/SSDiLepAnalysis/External/PRW_mc15c_410000_ttbar_nonallhad.root
	setting <class 'ROOT.BasicEventSelection'>.m_vertexContainerName          = PrimaryVertices
	setting <class 'ROOT.BasicEventSelection'>.m_applyCoreFlagsCut            = True
	setting <class 'ROOT.BasicEventSelection'>.m_PVNTrack                     = 3
<class 'ROOT.JetCalibrator'> algorithm options
	setting <class 'ROOT.JetCalibrator'>.m_jetAlgo                      = AntiKt4EMTopo
	setting <class 'ROOT.JetCalibrator'>.m_debug                        = False
	setting <class 'ROOT.JetCalibrator'>.m_calibConfigAFII              = JES_MC15Prerecommendation_AFII_June2015.config
	setting <class 'ROOT.JetCalibrator'>.m_outputAlgo                   = JetCalibrator_Syst
	setting <class 'ROOT.JetCalibrator'>.m_JERFullSys                   = False
	setting <class 'ROOT.JetCalibrator'>.m_JESUncertMCType              = MC15
	setting <class 'ROOT.JetCalibrator'>.m_JESUncertConfig              = $ROOTCOREBIN/data/JetUncertainties/JES_2015/ICHEP2016/JES2015_AllNuisanceParameters.config
	setting <class 'ROOT.JetCalibrator'>.m_sort                         = True
	setting <class 'ROOT.JetCalibrator'>.m_jetCleanCutLevel             = LooseBad
	setting <class 'ROOT.JetCalibrator'>.m_calibSequence                = JetArea_Residual_Origin_EtaJES_GSC
	setting <class 'ROOT.JetCalibrator'>.m_calibConfigData              = JES_MC15cRecommendation_May2016.config
	setting <class 'ROOT.JetCalibrator'>.m_inContainerName              = AntiKt4EMTopoJets
	setting <class 'ROOT.JetCalibrator'>.m_jetCleanUgly                 = False
	setting <class 'ROOT.JetCalibrator'>.m_saveAllCleanDecisions        = True
	setting <class 'ROOT.JetCalibrator'>.m_cleanParent                  = False
	setting <class 'ROOT.JetCalibrator'>.m_redoJVT                      = True
	setting <class 'ROOT.JetCalibrator'>.m_outContainerName             = AntiKt4EMTopoJets_Calib
	setting <class 'ROOT.JetCalibrator'>.m_JERUncertConfig              = JetResolution/Prerec2015_xCalib_2012JER_ReducedTo9NP_Plots_v2.root
	setting <class 'ROOT.JetCalibrator'>.m_calibConfigFullSim           = JES_MC15cRecommendation_May2016.config
	setting <class 'ROOT.JetCalibrator'>.m_JERApplyNominal              = False
	setting <class 'ROOT.JetCalibrator'>.m_name                         = jetCalib_AntiKt4EMTopo
<class 'ROOT.MuonCalibrator'> algorithm options
	setting <class 'ROOT.MuonCalibrator'>.m_debug                        = False
	setting <class 'ROOT.MuonCalibrator'>.m_systVal                      = 0.0
	setting <class 'ROOT.MuonCalibrator'>.m_inputAlgoSystNames           = 
	setting <class 'ROOT.MuonCalibrator'>.m_release                      = Recs2016_08_07
	setting <class 'ROOT.MuonCalibrator'>.m_outputAlgoSystNames          = MuonCalibrator_Syst
	setting <class 'ROOT.MuonCalibrator'>.m_outContainerName             = Muons_Calib
	setting <class 'ROOT.MuonCalibrator'>.m_systName                     = 
	setting <class 'ROOT.MuonCalibrator'>.m_inContainerName              = Muons
	setting <class 'ROOT.MuonCalibrator'>.m_forceDataCalib               = True
	setting <class 'ROOT.MuonCalibrator'>.m_name                         = muonCalib
<class 'ROOT.ElectronCalibrator'> algorithm options
	setting <class 'ROOT.ElectronCalibrator'>.m_debug                        = False
	setting <class 'ROOT.ElectronCalibrator'>.m_inputAlgoSystNames           = 
	setting <class 'ROOT.ElectronCalibrator'>.m_systName                     = 
	setting <class 'ROOT.ElectronCalibrator'>.m_outputAlgoSystNames          = ElectronCalibrator_Syst
	setting <class 'ROOT.ElectronCalibrator'>.m_esModel                      = es2016PRE
	setting <class 'ROOT.ElectronCalibrator'>.m_outContainerName             = Electrons_Calib
	setting <class 'ROOT.ElectronCalibrator'>.m_systVal                      = 0.0
	setting <class 'ROOT.ElectronCalibrator'>.m_inContainerName              = Electrons
	setting <class 'ROOT.ElectronCalibrator'>.m_decorrelationModel           = FULL_v1
	setting <class 'ROOT.ElectronCalibrator'>.m_name                         = electronCalib
<class 'ROOT.JetSelector'> algorithm options
	setting <class 'ROOT.JetSelector'>.m_createSelectedContainer      = True
	setting <class 'ROOT.JetSelector'>.m_debug                        = False
	setting <class 'ROOT.JetSelector'>.m_eta_max_JVT                  = 2.4
	setting <class 'ROOT.JetSelector'>.m_eta_max                      = 2.5
	setting <class 'ROOT.JetSelector'>.m_doJVT                        = True
	setting <class 'ROOT.JetSelector'>.m_outputAlgo                   = JetSelector_Syst
	setting <class 'ROOT.JetSelector'>.m_decorateSelectedObjects      = True
	setting <class 'ROOT.JetSelector'>.m_doBTagCut                    = False
	setting <class 'ROOT.JetSelector'>.m_jetScaleType                 = JetLCScaleMomentum
	setting <class 'ROOT.JetSelector'>.m_pt_max_JVT                   = 50000.0
	setting <class 'ROOT.JetSelector'>.m_inContainerName              = AntiKt4EMTopoJets_Calib
	setting <class 'ROOT.JetSelector'>.m_JVTCut                       = 0.64
	setting <class 'ROOT.JetSelector'>.m_inputAlgo                    = 
	setting <class 'ROOT.JetSelector'>.m_operatingPt                  = FixedCutBEff_77
	setting <class 'ROOT.JetSelector'>.m_outContainerName             = AntiKt4EMTopoJets_Selected
	setting <class 'ROOT.JetSelector'>.m_useCutFlow                   = True
	setting <class 'ROOT.JetSelector'>.m_pT_min                       = 25000.0
	setting <class 'ROOT.JetSelector'>.m_name                         = jetSelect_selection
<class 'ROOT.MuonSelector'> algorithm options
	setting <class 'ROOT.MuonSelector'>.m_debug                        = False
	setting <class 'ROOT.MuonSelector'>.m_TrackIsoEff                  = 0.1*x
	setting <class 'ROOT.MuonSelector'>.m_muonQualityStr               = Loose
	setting <class 'ROOT.MuonSelector'>.m_diMuTrigChains               = 
	setting <class 'ROOT.MuonSelector'>.m_singleMuTrigChains           = HLT_mu24,HLT_mu20_L1MU15,HLT_mu20_iloose_L1MU15,HLT_mu50
	setting <class 'ROOT.MuonSelector'>.m_z0sintheta_max               = 2.0
	setting <class 'ROOT.MuonSelector'>.m_outContainerName             = Muons_Selected
	setting <class 'ROOT.MuonSelector'>.m_pass_max                     = 1000
	setting <class 'ROOT.MuonSelector'>.m_d0sig_max                    = 10.0
	setting <class 'ROOT.MuonSelector'>.m_pT_min                       = 20000.0
	setting <class 'ROOT.MuonSelector'>.m_CaloBasedIsoType             = topoetcone20
	setting <class 'ROOT.MuonSelector'>.m_inContainerName              = Muons_Calib
	setting <class 'ROOT.MuonSelector'>.m_inputAlgoSystNames           = MuonCalibrator_Syst
	setting <class 'ROOT.MuonSelector'>.m_muonType                     = Combined
	setting <class 'ROOT.MuonSelector'>.m_MinIsoWPCut                  = 
	setting <class 'ROOT.MuonSelector'>.m_decorateSelectedObjects      = True
	setting <class 'ROOT.MuonSelector'>.m_outputAlgoSystNames          = MuonSelector_Syst
	setting <class 'ROOT.MuonSelector'>.m_CaloIsoEff                   = 0.1*x
	setting <class 'ROOT.MuonSelector'>.m_eta_max                      = 2.5
	setting <class 'ROOT.MuonSelector'>.m_pass_min                     = 0
	setting <class 'ROOT.MuonSelector'>.m_createSelectedContainer      = True
	setting <class 'ROOT.MuonSelector'>.m_TrackBasedIsoType            = ptvarcone30
	setting <class 'ROOT.MuonSelector'>.m_name                         = muonSelect_selection
	setting <class 'ROOT.MuonSelector'>.m_IsoWPList                    = Loose,GradientLoose,Gradient,FixedCutLoose,FixedCutTightTrackOnly,UserDefinedCut
<class 'ROOT.ElectronSelector'> algorithm options
	setting <class 'ROOT.ElectronSelector'>.m_debug                        = False
	setting <class 'ROOT.ElectronSelector'>.m_TrackIsoEff                  = 0.05*x
	setting <class 'ROOT.ElectronSelector'>.m_doCutBasedPIDcut             = False
	setting <class 'ROOT.ElectronSelector'>.m_CutBasedConfigYear           = 
	setting <class 'ROOT.ElectronSelector'>.m_doAuthorCut                  = False
	setting <class 'ROOT.ElectronSelector'>.m_z0sintheta_max               = 2.0
	setting <class 'ROOT.ElectronSelector'>.m_outContainerName             = Electrons_Selected
	setting <class 'ROOT.ElectronSelector'>.m_readIDFlagsFromDerivation    = True
	setting <class 'ROOT.ElectronSelector'>.m_confDirPID                   = mc15_20160512
	setting <class 'ROOT.ElectronSelector'>.m_pass_max                     = 1000
	setting <class 'ROOT.ElectronSelector'>.m_d0sig_max                    = 10.0
	setting <class 'ROOT.ElectronSelector'>.m_pT_min                       = 10000.0
	setting <class 'ROOT.ElectronSelector'>.m_CaloBasedIsoType             = topoetcone20
	setting <class 'ROOT.ElectronSelector'>.m_doBLTrackQualityCut          = True
	setting <class 'ROOT.ElectronSelector'>.m_LHOperatingPoint             = Loose
	setting <class 'ROOT.ElectronSelector'>.m_inContainerName              = Electrons_Calib
	setting <class 'ROOT.ElectronSelector'>.m_inputAlgoSystNames           = ElectronCalibrator_Syst
	setting <class 'ROOT.ElectronSelector'>.m_vetoCrack                    = True
	setting <class 'ROOT.ElectronSelector'>.m_name                         = electronSelect_selection
	setting <class 'ROOT.ElectronSelector'>.m_MinIsoWPCut                  = 
	setting <class 'ROOT.ElectronSelector'>.m_decorateSelectedObjects      = True
	setting <class 'ROOT.ElectronSelector'>.m_outputAlgoSystNames          = ElectronSelector_Syst
	setting <class 'ROOT.ElectronSelector'>.m_CaloIsoEff                   = 0.05*x
	setting <class 'ROOT.ElectronSelector'>.m_TrackBasedIsoType            = ptvarcone20
	setting <class 'ROOT.ElectronSelector'>.m_doOQCut                      = True
	setting <class 'ROOT.ElectronSelector'>.m_eta_max                      = 2.47
	setting <class 'ROOT.ElectronSelector'>.m_pass_min                     = 0
	setting <class 'ROOT.ElectronSelector'>.m_createSelectedContainer      = True
	setting <class 'ROOT.ElectronSelector'>.m_doLHPIDcut                   = False
	setting <class 'ROOT.ElectronSelector'>.m_CutBasedOperatingPoint       = IsEMLoose
	setting <class 'ROOT.ElectronSelector'>.m_IsoWPList                    = Loose,GradientLoose,Gradient,FixedCutLoose,FixedCutTight,FixedCutTightTrackOnly,UserDefinedCut
<class 'ROOT.METConstructor'> algorithm options
	setting <class 'ROOT.METConstructor'>.m_debug                        = False
	setting <class 'ROOT.METConstructor'>.m_referenceMETContainer        = MET_Reference_AntiKt4EMTopo
	setting <class 'ROOT.METConstructor'>.m_inputMuons                   = Muons_Selected
	setting <class 'ROOT.METConstructor'>.m_useCaloJetTerm               = True
	setting <class 'ROOT.METConstructor'>.m_coreName                     = MET_Core_AntiKt4EMTopo
	setting <class 'ROOT.METConstructor'>.m_inputElectrons               = Electrons_Selected
	setting <class 'ROOT.METConstructor'>.m_inputPhotons                 = Photons
	setting <class 'ROOT.METConstructor'>.m_doPhotonCuts                 = True
	setting <class 'ROOT.METConstructor'>.m_name                         = met
	setting <class 'ROOT.METConstructor'>.m_mapName                      = METAssoc_AntiKt4EMTopo
	setting <class 'ROOT.METConstructor'>.m_inputJets                    = AntiKt4EMTopoJets_Selected
	setting <class 'ROOT.METConstructor'>.m_doJVTCut                     = True
	setting <class 'ROOT.METConstructor'>.m_useTrackJetTerm              = False
	setting <class 'ROOT.METConstructor'>.m_outputContainer              = RefFinal_SSDiLep
<class 'ROOT.OverlapRemover'> algorithm options
	setting <class 'ROOT.OverlapRemover'>.m_inContainerName_Electrons    = Electrons_Selected
	setting <class 'ROOT.OverlapRemover'>.m_createSelectedContainers     = True
	setting <class 'ROOT.OverlapRemover'>.m_debug                        = False
	setting <class 'ROOT.OverlapRemover'>.m_inputAlgoTaus                = 
	setting <class 'ROOT.OverlapRemover'>.m_inputAlgoMuons               = 
	setting <class 'ROOT.OverlapRemover'>.m_decorateSelectedObjects      = True
	setting <class 'ROOT.OverlapRemover'>.m_inContainerName_Jets         = AntiKt4EMTopoJets_Selected
	setting <class 'ROOT.OverlapRemover'>.m_outContainerName_Jets        = AntiKt4EMTopoJets_OR
	setting <class 'ROOT.OverlapRemover'>.m_inputAlgoElectrons           = 
	setting <class 'ROOT.OverlapRemover'>.m_useSelected                  = True
	setting <class 'ROOT.OverlapRemover'>.m_inContainerName_Muons        = Muons_Selected
	setting <class 'ROOT.OverlapRemover'>.m_outContainerName_Muons       = Muons_OR
	setting <class 'ROOT.OverlapRemover'>.m_inputAlgoJets                = 
	setting <class 'ROOT.OverlapRemover'>.m_useCutFlow                   = True
	setting <class 'ROOT.OverlapRemover'>.m_outContainerName_Electrons   = Electrons_OR
	setting <class 'ROOT.OverlapRemover'>.m_name                         = overlap_removal_SSDiLep
<class 'ROOT.MuonEfficiencyCorrector'> algorithm options
	setting <class 'ROOT.MuonEfficiencyCorrector'>.m_debug                        = False
	setting <class 'ROOT.MuonEfficiencyCorrector'>.m_systNameIso                  = 
	setting <class 'ROOT.MuonEfficiencyCorrector'>.m_DiMuTrig                     = 
	setting <class 'ROOT.MuonEfficiencyCorrector'>.m_outputSystNamesTTVA          = MuonEfficiencyCorrector_TTVASyst
	setting <class 'ROOT.MuonEfficiencyCorrector'>.m_WorkingPointTTVA             = TTVA
	setting <class 'ROOT.MuonEfficiencyCorrector'>.m_SingleMuTrig                 = 
	setting <class 'ROOT.MuonEfficiencyCorrector'>.m_systNameReco                 = 
	setting <class 'ROOT.MuonEfficiencyCorrector'>.m_systNameTrig                 = 
	setting <class 'ROOT.MuonEfficiencyCorrector'>.m_outputSystNamesIso           = MuonEfficiencyCorrector_IsoSyst
	setting <class 'ROOT.MuonEfficiencyCorrector'>.m_outputSystNamesReco          = MuonEfficiencyCorrector_RecoSyst
	setting <class 'ROOT.MuonEfficiencyCorrector'>.m_calibRelease                 = 160624_ICHEP
	setting <class 'ROOT.MuonEfficiencyCorrector'>.m_WorkingPointIso              = Loose
	setting <class 'ROOT.MuonEfficiencyCorrector'>.m_inContainerName              = Muons_OR
	setting <class 'ROOT.MuonEfficiencyCorrector'>.m_WorkingPointIsoTrig          = Loose
	setting <class 'ROOT.MuonEfficiencyCorrector'>.m_inputAlgoSystNames           = MuonSelector_Syst
	setting <class 'ROOT.MuonEfficiencyCorrector'>.m_outputSystNamesTrig          = MuonEfficiencyCorrector_TrigSyst
	setting <class 'ROOT.MuonEfficiencyCorrector'>.m_useRandomRunNumber           = True
	setting <class 'ROOT.MuonEfficiencyCorrector'>.m_systNameTTVA                 = 
	setting <class 'ROOT.MuonEfficiencyCorrector'>.m_WorkingPointRecoTrig         = Loose
	setting <class 'ROOT.MuonEfficiencyCorrector'>.m_WorkingPointReco             = Loose
	setting <class 'ROOT.MuonEfficiencyCorrector'>.m_name                         = muonEfficiencyCorrectorLoose
<class 'ROOT.MuonEfficiencyCorrector'> algorithm options
	setting <class 'ROOT.MuonEfficiencyCorrector'>.m_debug                        = False
	setting <class 'ROOT.MuonEfficiencyCorrector'>.m_systNameIso                  = 
	setting <class 'ROOT.MuonEfficiencyCorrector'>.m_DiMuTrig                     = 
	setting <class 'ROOT.MuonEfficiencyCorrector'>.m_outputSystNamesTTVA          = MuonEfficiencyCorrector_TTVASyst
	setting <class 'ROOT.MuonEfficiencyCorrector'>.m_WorkingPointTTVA             = TTVA
	setting <class 'ROOT.MuonEfficiencyCorrector'>.m_SingleMuTrig                 = 
	setting <class 'ROOT.MuonEfficiencyCorrector'>.m_systNameReco                 = 
	setting <class 'ROOT.MuonEfficiencyCorrector'>.m_systNameTrig                 = 
	setting <class 'ROOT.MuonEfficiencyCorrector'>.m_outputSystNamesIso           = MuonEfficiencyCorrector_IsoSyst
	setting <class 'ROOT.MuonEfficiencyCorrector'>.m_outputSystNamesReco          = MuonEfficiencyCorrector_RecoSyst
	setting <class 'ROOT.MuonEfficiencyCorrector'>.m_calibRelease                 = 160624_ICHEP
	setting <class 'ROOT.MuonEfficiencyCorrector'>.m_WorkingPointIso              = FixedCutLoose
	setting <class 'ROOT.MuonEfficiencyCorrector'>.m_inContainerName              = Muons_OR
	setting <class 'ROOT.MuonEfficiencyCorrector'>.m_WorkingPointIsoTrig          = FixedCutLoose
	setting <class 'ROOT.MuonEfficiencyCorrector'>.m_inputAlgoSystNames           = MuonSelector_Syst
	setting <class 'ROOT.MuonEfficiencyCorrector'>.m_outputSystNamesTrig          = MuonEfficiencyCorrector_TrigSyst
	setting <class 'ROOT.MuonEfficiencyCorrector'>.m_useRandomRunNumber           = True
	setting <class 'ROOT.MuonEfficiencyCorrector'>.m_systNameTTVA                 = 
	setting <class 'ROOT.MuonEfficiencyCorrector'>.m_WorkingPointRecoTrig         = Loose
	setting <class 'ROOT.MuonEfficiencyCorrector'>.m_WorkingPointReco             = Loose
	setting <class 'ROOT.MuonEfficiencyCorrector'>.m_name                         = muonEfficiencyCorrectorMedium
<class 'ROOT.MuonEfficiencyCorrector'> algorithm options
	setting <class 'ROOT.MuonEfficiencyCorrector'>.m_debug                        = False
	setting <class 'ROOT.MuonEfficiencyCorrector'>.m_systNameIso                  = 
	setting <class 'ROOT.MuonEfficiencyCorrector'>.m_DiMuTrig                     = 
	setting <class 'ROOT.MuonEfficiencyCorrector'>.m_outputSystNamesTTVA          = MuonEfficiencyCorrector_TTVASyst
	setting <class 'ROOT.MuonEfficiencyCorrector'>.m_WorkingPointTTVA             = TTVA
	setting <class 'ROOT.MuonEfficiencyCorrector'>.m_SingleMuTrig                 = 
	setting <class 'ROOT.MuonEfficiencyCorrector'>.m_systNameReco                 = 
	setting <class 'ROOT.MuonEfficiencyCorrector'>.m_systNameTrig                 = 
	setting <class 'ROOT.MuonEfficiencyCorrector'>.m_outputSystNamesIso           = MuonEfficiencyCorrector_IsoSyst
	setting <class 'ROOT.MuonEfficiencyCorrector'>.m_outputSystNamesReco          = MuonEfficiencyCorrector_RecoSyst
	setting <class 'ROOT.MuonEfficiencyCorrector'>.m_calibRelease                 = 160624_ICHEP
	setting <class 'ROOT.MuonEfficiencyCorrector'>.m_WorkingPointIso              = FixedCutTightTrackOnly
	setting <class 'ROOT.MuonEfficiencyCorrector'>.m_inContainerName              = Muons_OR
	setting <class 'ROOT.MuonEfficiencyCorrector'>.m_WorkingPointIsoTrig          = FixedCutTightTrackOnly
	setting <class 'ROOT.MuonEfficiencyCorrector'>.m_inputAlgoSystNames           = MuonSelector_Syst
	setting <class 'ROOT.MuonEfficiencyCorrector'>.m_outputSystNamesTrig          = MuonEfficiencyCorrector_TrigSyst
	setting <class 'ROOT.MuonEfficiencyCorrector'>.m_useRandomRunNumber           = True
	setting <class 'ROOT.MuonEfficiencyCorrector'>.m_systNameTTVA                 = 
	setting <class 'ROOT.MuonEfficiencyCorrector'>.m_WorkingPointRecoTrig         = Loose
	setting <class 'ROOT.MuonEfficiencyCorrector'>.m_WorkingPointReco             = Loose
	setting <class 'ROOT.MuonEfficiencyCorrector'>.m_name                         = muonEfficiencyCorrectorTight
<class 'ROOT.TruthMatchAlgo'> algorithm options
	setting <class 'ROOT.TruthMatchAlgo'>.m_inContainerName_Electrons    = Electrons_OR
	setting <class 'ROOT.TruthMatchAlgo'>.m_debug                        = False
	setting <class 'ROOT.TruthMatchAlgo'>.m_doMuonTruthPartMatching      = True
	setting <class 'ROOT.TruthMatchAlgo'>.m_doMuonTrackMatching          = False
	setting <class 'ROOT.TruthMatchAlgo'>.m_inContainerName_Muons        = Muons_OR
	setting <class 'ROOT.TruthMatchAlgo'>.m_name                         = truthMatching
<class 'ROOT.SSDiLepTreeAlgo'> algorithm options
	setting <class 'ROOT.SSDiLepTreeAlgo'>.m_debug                        = False
	setting <class 'ROOT.SSDiLepTreeAlgo'>.m_outHistDir                   = False
	setting <class 'ROOT.SSDiLepTreeAlgo'>.m_METDetailStr                 = RefEle RefGamma Muons RefJet RefJetTrk SoftClus PVSoftTrk
	setting <class 'ROOT.SSDiLepTreeAlgo'>.m_jetDetailStr                 = kinematic energy flavorTag sfFTagFix77 truth
	setting <class 'ROOT.SSDiLepTreeAlgo'>.m_muDetailStr                  = kinematic trigger isolation quality trackparams effSF
	setting <class 'ROOT.SSDiLepTreeAlgo'>.m_jetContainerName             = AntiKt4EMTopoJets_OR
	setting <class 'ROOT.SSDiLepTreeAlgo'>.m_elDetailStr                  = kinematic trigger isolation PID trackparams effSF
	setting <class 'ROOT.SSDiLepTreeAlgo'>.m_trigDetailStr                = basic passTriggers menuKeys passTriggers
	setting <class 'ROOT.SSDiLepTreeAlgo'>.m_name                         = physics
	setting <class 'ROOT.SSDiLepTreeAlgo'>.m_evtDetailStr                 = pileup
	setting <class 'ROOT.SSDiLepTreeAlgo'>.m_METContainerName             = RefFinal_SSDiLep
	setting <class 'ROOT.SSDiLepTreeAlgo'>.m_elContainerName              = Electrons_OR
	setting <class 'ROOT.SSDiLepTreeAlgo'>.m_muContainerName              = Muons_OR
